\BOOKMARK [0][-]{chapter.1}{\376\377\000M\000o\000d\000u\000l\000e\000s}{}% 1
\BOOKMARK [0][-]{chapter.2}{\376\377\000A\000r\000c\000h\000i\000t\000e\000c\000t\000u\000r\000e}{}% 2
\BOOKMARK [0][-]{chapter.3}{\376\377\000I\000n\000s\000t\000a\000l\000l\000a\000t\000i\000o\000n}{}% 3
\BOOKMARK [1][-]{section.3.1}{\376\377\000R\000e\000q\000u\000i\000r\000e\000m\000e\000n\000t\000s}{chapter.3}% 4
\BOOKMARK [1][-]{section.3.2}{\376\377\000B\000u\000i\000l\000d\000\040\000o\000n\000\040\000a\000n\000y\000\040\000s\000y\000s\000t\000e\000m}{chapter.3}% 5
\BOOKMARK [1][-]{section.3.3}{\376\377\000I\000n\000c\000l\000u\000d\000i\000n\000g\000\040\000t\000o\000\040\000y\000o\000u\000r\000\040\000C\000M\000a\000k\000e\000\040\000p\000r\000o\000j\000e\000c\000t}{chapter.3}% 6
\BOOKMARK [1][-]{section.3.4}{\376\377\000A\000d\000d\000i\000n\000g\000\040\000U\000F\000J\000F\000-\000M\000L\000T\000K\000\040\000l\000i\000b\000r\000a\000r\000i\000e\000s\000\040\000t\000o\000\040\000W\000i\000n\000d\000o\000w\000s\000\040\000e\000n\000v\000i\000r\000o\000n\000m\000e\000n\000t}{chapter.3}% 7
\BOOKMARK [1][-]{section.3.5}{\376\377\000C\000o\000m\000p\000i\000l\000i\000n\000g\000\040\000y\000o\000u\000r\000\040\000p\000r\000o\000j\000e\000c\000t\000\040\000i\000n\000c\000l\000u\000d\000i\000n\000g\000\040\000U\000F\000J\000F\000-\000M\000L\000T\000K}{chapter.3}% 8
\BOOKMARK [1][-]{section.3.6}{\376\377\000G\000o\000i\000n\000g\000\040\000t\000h\000r\000o\000u\000g\000h\000\040\000i\000n\000s\000t\000a\000l\000l\000e\000r\000s}{chapter.3}% 9
\BOOKMARK [2][-]{subsection.3.6.1}{\376\377\000U\000b\000u\000n\000t\000u\000\040\000a\000n\000d\000\040\000D\000e\000b\000i\000a\000n\000\040\000b\000a\000s\000e\000d\000\040\000O\000S}{section.3.6}% 10
\BOOKMARK [2][-]{subsection.3.6.2}{\376\377\000W\000i\000n\000d\000o\000w\000s}{section.3.6}% 11
\BOOKMARK [2][-]{subsection.3.6.3}{\376\377\000O\000t\000h\000e\000r\000\040\000l\000i\000n\000u\000x\000\040\000b\000a\000s\000e\000d\000\040\000O\000S}{section.3.6}% 12
\BOOKMARK [0][-]{chapter.4}{\376\377\000D\000a\000t\000a\000\040\000m\000a\000n\000a\000g\000e\000m\000e\000n\000t}{}% 13
\BOOKMARK [1][-]{section.4.1}{\376\377\000T\000h\000e\000\040\000P\000o\000i\000n\000t\000\040\000t\000e\000m\000p\000l\000a\000t\000e}{chapter.4}% 14
\BOOKMARK [2][-]{subsection.4.1.1}{\376\377\000I\000n\000i\000t\000i\000a\000l\000i\000z\000a\000t\000i\000o\000n}{section.4.1}% 15
\BOOKMARK [2][-]{subsection.4.1.2}{\376\377\000P\000o\000i\000n\000t\000\040\000e\000x\000p\000r\000e\000s\000s\000i\000o\000n\000s\000\040\000a\000n\000d\000\040\000o\000p\000e\000r\000a\000t\000i\000o\000n\000s}{section.4.1}% 16
\BOOKMARK [2][-]{subsection.4.1.3}{\376\377\000A\000l\000g\000o\000r\000i\000t\000h\000m\000s}{section.4.1}% 17
\BOOKMARK [1][-]{section.4.2}{\376\377\000T\000h\000e\000\040\000D\000a\000t\000a\000\040\000t\000e\000m\000p\000l\000a\000t\000e}{chapter.4}% 18
\BOOKMARK [2][-]{subsection.4.2.1}{\376\377\000M\000e\000m\000o\000r\000y\000\040\000s\000h\000a\000r\000i\000n\000g\000\040\000b\000e\000t\000w\000e\000e\000n\000\040\000D\000a\000t\000a\000\040\000o\000b\000j\000e\000c\000t\000s}{section.4.2}% 19
\BOOKMARK [2][-]{subsection.4.2.2}{\376\377\000L\000o\000a\000d\000i\000n\000g\000\040\000a\000\040\000d\000a\000t\000a\000s\000e\000t\000\040\000t\000o\000\040\000a\000\040\000D\000a\000t\000a\000\040\000o\000b\000j\000e\000c\000t}{section.4.2}% 20
\BOOKMARK [2][-]{subsection.4.2.3}{\376\377\000G\000e\000t\000t\000i\000n\000g\000\040\000i\000n\000f\000o\000r\000m\000a\000t\000i\000o\000n\000\040\000a\000b\000o\000u\000t\000\040\000t\000h\000e\000\040\000d\000a\000t\000a\000s\000e\000t}{section.4.2}% 21
\BOOKMARK [2][-]{subsection.4.2.4}{\376\377\000S\000c\000a\000n\000n\000i\000n\000g\000\040\000t\000h\000r\000o\000u\000g\000h\000\040\000t\000h\000e\000\040\000d\000a\000t\000a\000\040\000p\000o\000i\000n\000t\000s}{section.4.2}% 22
\BOOKMARK [2][-]{subsection.4.2.5}{\376\377\000A\000p\000p\000l\000y\000i\000n\000g\000\040\000t\000r\000a\000n\000s\000f\000o\000r\000m\000a\000t\000i\000o\000n\000s\000\040\000t\000o\000\040\000d\000a\000t\000a}{section.4.2}% 23
\BOOKMARK [0][-]{chapter.5}{\376\377\000C\000l\000a\000s\000s\000i\000f\000i\000c\000a\000t\000i\000o\000n}{}% 24
\BOOKMARK [1][-]{section.5.1}{\376\377\000B\000i\000n\000a\000r\000y\000\040\000c\000l\000a\000s\000s\000i\000f\000i\000c\000a\000t\000i\000o\000n}{chapter.5}% 25
\BOOKMARK [2][-]{subsection.5.1.1}{\376\377\000T\000h\000e\000\040\000P\000e\000r\000c\000e\000p\000t\000r\000o\000n\000\040\000a\000l\000g\000o\000r\000i\000t\000h\000m}{section.5.1}% 26
\BOOKMARK [1][-]{section.5.2}{\376\377\000K\000e\000r\000n\000e\000l\000\040\000m\000e\000t\000h\000o\000d\000s}{chapter.5}% 27
\BOOKMARK [2][-]{subsection.5.2.1}{\376\377\000T\000h\000e\000\040\000P\000e\000r\000c\000e\000p\000t\000r\000o\000n\000\040\000d\000u\000a\000l\000\040\000a\000l\000g\000o\000r\000i\000t\000h\000m}{section.5.2}% 28
\BOOKMARK [1][-]{section.5.3}{\376\377\000M\000u\000l\000t\000i\000-\000c\000l\000a\000s\000s\000\040\000c\000l\000a\000s\000s\000i\000f\000i\000c\000a\000t\000i\000o\000n}{chapter.5}% 29
\BOOKMARK [2][-]{subsection.5.3.1}{\376\377\000T\000h\000e\000\040\000O\000n\000e\000-\000v\000s\000-\000A\000l\000l\000\040\000a\000l\000g\000o\000r\000i\000t\000h\000m}{section.5.3}% 30
\BOOKMARK [2][-]{subsection.5.3.2}{\376\377\000T\000h\000e\000\040\000O\000n\000e\000-\000v\000s\000-\000O\000n\000e\000\040\000a\000l\000g\000o\000r\000i\000t\000h\000m}{section.5.3}% 31
\BOOKMARK [1][-]{section.5.4}{\376\377\000M\000o\000d\000e\000l\000\040\000e\000v\000a\000l\000u\000a\000t\000i\000o\000n\000\040\000a\000n\000d\000\040\000s\000e\000l\000e\000c\000t\000i\000o\000n}{chapter.5}% 32
\BOOKMARK [2][-]{subsection.5.4.1}{\376\377\000H\000o\000l\000d\000o\000u\000t\000\040\000m\000e\000t\000h\000o\000d\000\040\000a\000n\000d\000\040\000r\000a\000n\000d\000o\000m\000\040\000s\000u\000b\000s\000a\000m\000p\000l\000i\000n\000g}{section.5.4}% 33
\BOOKMARK [2][-]{subsection.5.4.2}{\376\377\000C\000r\000o\000s\000s\000-\000v\000a\000l\000i\000d\000a\000t\000i\000o\000n}{section.5.4}% 34
\BOOKMARK [0][-]{chapter.6}{\376\377\000E\000x\000t\000e\000n\000d\000i\000n\000g\000\040\000t\000h\000e\000\040\000f\000r\000a\000m\000e\000w\000o\000r\000k}{}% 35
\BOOKMARK [1][-]{section.6.1}{\376\377\000I\000m\000p\000l\000e\000m\000e\000n\000t\000i\000n\000g\000\040\000c\000l\000a\000s\000s\000i\000f\000i\000e\000r\000s}{chapter.6}% 36
\BOOKMARK [2][-]{subsection.6.1.1}{\376\377\000P\000e\000r\000c\000e\000p\000t\000r\000o\000n\000\040\000p\000r\000i\000m\000a\000l\000\040\000a\000l\000g\000o\000r\000i\000t\000h\000m}{section.6.1}% 37
\BOOKMARK [2][-]{subsection.6.1.2}{\376\377\000P\000e\000r\000c\000e\000p\000t\000r\000o\000n\000\040\000d\000u\000a\000l\000\040\000a\000l\000g\000o\000r\000i\000t\000h\000m}{section.6.1}% 38
\BOOKMARK [0][-]{chapter.7}{\376\377\000C\000o\000n\000t\000r\000i\000b\000u\000t\000o\000r\000\040\000C\000o\000v\000e\000n\000a\000n\000t\000\040\000C\000o\000d\000e\000\040\000o\000f\000\040\000C\000o\000n\000d\000u\000c\000t}{}% 39
\BOOKMARK [1][-]{section.7.1}{\376\377\000O\000u\000r\000\040\000P\000l\000e\000d\000g\000e}{chapter.7}% 40
\BOOKMARK [1][-]{section.7.2}{\376\377\000O\000u\000r\000\040\000S\000t\000a\000n\000d\000a\000r\000d\000s}{chapter.7}% 41
\BOOKMARK [1][-]{section.7.3}{\376\377\000O\000u\000r\000\040\000R\000e\000s\000p\000o\000n\000s\000i\000b\000i\000l\000i\000t\000i\000e\000s}{chapter.7}% 42
\BOOKMARK [1][-]{section.7.4}{\376\377\000S\000c\000o\000p\000e}{chapter.7}% 43
\BOOKMARK [1][-]{section.7.5}{\376\377\000E\000n\000f\000o\000r\000c\000e\000m\000e\000n\000t}{chapter.7}% 44
\BOOKMARK [1][-]{section.7.6}{\376\377\000A\000t\000t\000r\000i\000b\000u\000t\000i\000o\000n}{chapter.7}% 45
\BOOKMARK [0][-]{chapter.8}{\376\377\000G\000N\000U\000\040\000G\000E\000N\000E\000R\000A\000L\000\040\000P\000U\000B\000L\000I\000C\000\040\000L\000I\000C\000E\000N\000S\000E}{}% 46
\BOOKMARK [1][-]{section.8.1}{\376\377\000P\000r\000e\000a\000m\000b\000l\000e}{chapter.8}% 47
\BOOKMARK [1][-]{section.8.2}{\376\377\000T\000E\000R\000M\000S\000\040\000A\000N\000D\000\040\000C\000O\000N\000D\000I\000T\000I\000O\000N\000S}{chapter.8}% 48
\BOOKMARK [2][-]{subsection.8.2.1}{\376\377\0000\000.\000\040\000D\000e\000f\000i\000n\000i\000t\000i\000o\000n\000s\000.}{section.8.2}% 49
\BOOKMARK [2][-]{subsection.8.2.2}{\376\377\0001\000.\000\040\000S\000o\000u\000r\000c\000e\000\040\000C\000o\000d\000e\000.}{section.8.2}% 50
\BOOKMARK [2][-]{subsection.8.2.3}{\376\377\0002\000.\000\040\000B\000a\000s\000i\000c\000\040\000P\000e\000r\000m\000i\000s\000s\000i\000o\000n\000s\000.}{section.8.2}% 51
\BOOKMARK [2][-]{subsection.8.2.4}{\376\377\0003\000.\000\040\000P\000r\000o\000t\000e\000c\000t\000i\000n\000g\000\040\000U\000s\000e\000r\000s\040\031\000\040\000L\000e\000g\000a\000l\000\040\000R\000i\000g\000h\000t\000s\000\040\000F\000r\000o\000m\000\040\000A\000n\000t\000i\000-\000C\000i\000r\000c\000u\000m\000v\000e\000n\000t\000i\000o\000n\000\040\000L\000a\000w\000.}{section.8.2}% 52
\BOOKMARK [2][-]{subsection.8.2.5}{\376\377\0004\000.\000\040\000C\000o\000n\000v\000e\000y\000i\000n\000g\000\040\000V\000e\000r\000b\000a\000t\000i\000m\000\040\000C\000o\000p\000i\000e\000s\000.}{section.8.2}% 53
\BOOKMARK [2][-]{subsection.8.2.6}{\376\377\0005\000.\000\040\000C\000o\000n\000v\000e\000y\000i\000n\000g\000\040\000M\000o\000d\000i\000f\000i\000e\000d\000\040\000S\000o\000u\000r\000c\000e\000\040\000V\000e\000r\000s\000i\000o\000n\000s\000.}{section.8.2}% 54
\BOOKMARK [2][-]{subsection.8.2.7}{\376\377\0006\000.\000\040\000C\000o\000n\000v\000e\000y\000i\000n\000g\000\040\000N\000o\000n\000-\000S\000o\000u\000r\000c\000e\000\040\000F\000o\000r\000m\000s\000.}{section.8.2}% 55
\BOOKMARK [2][-]{subsection.8.2.8}{\376\377\0007\000.\000\040\000A\000d\000d\000i\000t\000i\000o\000n\000a\000l\000\040\000T\000e\000r\000m\000s\000.}{section.8.2}% 56
\BOOKMARK [2][-]{subsection.8.2.9}{\376\377\0008\000.\000\040\000T\000e\000r\000m\000i\000n\000a\000t\000i\000o\000n\000.}{section.8.2}% 57
\BOOKMARK [2][-]{subsection.8.2.10}{\376\377\0009\000.\000\040\000A\000c\000c\000e\000p\000t\000a\000n\000c\000e\000\040\000N\000o\000t\000\040\000R\000e\000q\000u\000i\000r\000e\000d\000\040\000f\000o\000r\000\040\000H\000a\000v\000i\000n\000g\000\040\000C\000o\000p\000i\000e\000s\000.}{section.8.2}% 58
\BOOKMARK [2][-]{subsection.8.2.11}{\376\377\0001\0000\000.\000\040\000A\000u\000t\000o\000m\000a\000t\000i\000c\000\040\000L\000i\000c\000e\000n\000s\000i\000n\000g\000\040\000o\000f\000\040\000D\000o\000w\000n\000s\000t\000r\000e\000a\000m\000\040\000R\000e\000c\000i\000p\000i\000e\000n\000t\000s\000.}{section.8.2}% 59
\BOOKMARK [2][-]{subsection.8.2.12}{\376\377\0001\0001\000.\000\040\000P\000a\000t\000e\000n\000t\000s\000.}{section.8.2}% 60
\BOOKMARK [2][-]{subsection.8.2.13}{\376\377\0001\0002\000.\000\040\000N\000o\000\040\000S\000u\000r\000r\000e\000n\000d\000e\000r\000\040\000o\000f\000\040\000O\000t\000h\000e\000r\000s\040\031\000\040\000F\000r\000e\000e\000d\000o\000m\000.}{section.8.2}% 61
\BOOKMARK [2][-]{subsection.8.2.14}{\376\377\0001\0003\000.\000\040\000U\000s\000e\000\040\000w\000i\000t\000h\000\040\000t\000h\000e\000\040\000G\000N\000U\000\040\000A\000f\000f\000e\000r\000o\000\040\000G\000e\000n\000e\000r\000a\000l\000\040\000P\000u\000b\000l\000i\000c\000\040\000L\000i\000c\000e\000n\000s\000e\000.}{section.8.2}% 62
\BOOKMARK [2][-]{subsection.8.2.15}{\376\377\0001\0004\000.\000\040\000R\000e\000v\000i\000s\000e\000d\000\040\000V\000e\000r\000s\000i\000o\000n\000s\000\040\000o\000f\000\040\000t\000h\000i\000s\000\040\000L\000i\000c\000e\000n\000s\000e\000.}{section.8.2}% 63
\BOOKMARK [2][-]{subsection.8.2.16}{\376\377\0001\0005\000.\000\040\000D\000i\000s\000c\000l\000a\000i\000m\000e\000r\000\040\000o\000f\000\040\000W\000a\000r\000r\000a\000n\000t\000y\000.}{section.8.2}% 64
\BOOKMARK [2][-]{subsection.8.2.17}{\376\377\0001\0006\000.\000\040\000L\000i\000m\000i\000t\000a\000t\000i\000o\000n\000\040\000o\000f\000\040\000L\000i\000a\000b\000i\000l\000i\000t\000y\000.}{section.8.2}% 65
\BOOKMARK [2][-]{subsection.8.2.18}{\376\377\0001\0007\000.\000\040\000I\000n\000t\000e\000r\000p\000r\000e\000t\000a\000t\000i\000o\000n\000\040\000o\000f\000\040\000S\000e\000c\000t\000i\000o\000n\000s\000\040\0001\0005\000\040\000a\000n\000d\000\040\0001\0006\000.}{section.8.2}% 66
\BOOKMARK [1][-]{section.8.3}{\376\377\000H\000o\000w\000\040\000t\000o\000\040\000A\000p\000p\000l\000y\000\040\000T\000h\000e\000s\000e\000\040\000T\000e\000r\000m\000s\000\040\000t\000o\000\040\000Y\000o\000u\000r\000\040\000N\000e\000w\000\040\000P\000r\000o\000g\000r\000a\000m\000s}{chapter.8}% 67
\BOOKMARK [0][-]{chapter*.3}{\376\377\000B\000i\000b\000l\000i\000o\000g\000r\000a\000p\000h\000y}{}% 68
